0 silly argv {
0 silly argv   _: [ 'create' ],
0 silly argv   lernaVersion: '4.0.0',
0 silly argv   '$0': '/usr/local/bin/lerna',
0 silly argv   name: 'helpers'
0 silly argv }
1 notice cli v4.0.0
2 verbose rootPath /Users/faisal/Karigar/Server/call-button-js
3 info versioning independent
4 warn ENOREMOTE No git remote found, skipping repository property
5 error Error: canceled
5 error     at Interface.<anonymous> (/Users/faisal/Karigar/Server/call-button-js/node_modules/read/lib/read.js:66:13)
5 error     at Interface.emit (events.js:210:5)
5 error     at Interface._ttyWrite (readline.js:887:16)
5 error     at ReadStream.onkeypress (readline.js:191:10)
5 error     at ReadStream.emit (events.js:210:5)
5 error     at emitKeys (internal/readline/utils.js:433:14)
5 error     at emitKeys.next (<anonymous>)
5 error     at ReadStream.onData (readline.js:1153:36)
5 error     at ReadStream.emit (events.js:210:5)
5 error     at addChunk (_stream_readable.js:308:12)
5 error     at readableAddChunk (_stream_readable.js:289:11)
5 error     at ReadStream.Readable.push (_stream_readable.js:223:10)
